<?xml version="1.0" encoding="UTF-8"?>
<testsuite xmlns:xsi="http://www.w3.org/2001/XMLSchema-instance" xsi:noNamespaceSchemaLocation="https://maven.apache.org/surefire/maven-surefire-plugin/xsd/surefire-test-report-3.0.xsd" version="3.0" name="org.example.servlet.AssessmentServletTest" time="1.203" tests="1" errors="1" skipped="0" failures="0">
  <properties>
    <property name="sun.desktop" value="windows"/>
    <property name="awt.toolkit" value="sun.awt.windows.WToolkit"/>
    <property name="file.encoding.pkg" value="sun.io"/>
    <property name="java.specification.version" value="1.8"/>
    <property name="sun.cpu.isalist" value="amd64"/>
    <property name="sun.jnu.encoding" value="Cp1252"/>
    <property name="java.class.path" value="C:\Users\31651\myproject\site\components\target\test-classes;C:\Users\31651\myproject\site\components\target\classes;C:\Users\31651\.m2\repository\javax\servlet\jsp\jsp-api\2.2\jsp-api-2.2.jar;C:\Users\31651\.m2\repository\org\apache\taglibs\taglibs-standard-spec\1.2.5\taglibs-standard-spec-1.2.5.jar;C:\Users\31651\.m2\repository\org\apache\taglibs\taglibs-standard-impl\1.2.5\taglibs-standard-impl-1.2.5.jar;C:\Users\31651\.m2\repository\org\onehippo\cms7\hst\hst-content-beans\14.7.3\hst-content-beans-14.7.3.jar;C:\Users\31651\.m2\repository\org\apache\commons\commons-collections4\4.4\commons-collections4-4.4.jar;C:\Users\31651\.m2\repository\org\apache\commons\commons-proxy\1.0\commons-proxy-1.0.jar;C:\Users\31651\.m2\repository\org\onehippo\cms7\hst\hst-commons\14.7.3\hst-commons-14.7.3.jar;C:\Users\31651\.m2\repository\com\fasterxml\jackson\core\jackson-databind\2.10.5.1\jackson-databind-2.10.5.1.jar;C:\Users\31651\.m2\repository\commons-beanutils\commons-beanutils\1.9.4\commons-beanutils-1.9.4.jar;C:\Users\31651\.m2\repository\commons-collections\commons-collections\3.2.2\commons-collections-3.2.2.jar;C:\Users\31651\.m2\repository\org\onehippo\cms7\hst\hst-client\14.7.3\hst-client-14.7.3.jar;C:\Users\31651\.m2\repository\org\onehippo\cms7\hst\components\hst-rewriter\14.7.3\hst-rewriter-14.7.3.jar;C:\Users\31651\.m2\repository\net\sourceforge\htmlcleaner\htmlcleaner\2.22\htmlcleaner-2.22.jar;C:\Users\31651\.m2\repository\org\jdom\jdom2\2.0.5\jdom2-2.0.5.jar;C:\Users\31651\.m2\repository\commons-io\commons-io\2.8.0\commons-io-2.8.0.jar;C:\Users\31651\.m2\repository\commons-configuration\commons-configuration\1.10\commons-configuration-1.10.jar;C:\Users\31651\.m2\repository\commons-lang\commons-lang\2.6\commons-lang-2.6.jar;C:\Users\31651\.m2\repository\com\google\guava\guava\30.1-jre\guava-30.1-jre.jar;C:\Users\31651\.m2\repository\com\google\guava\failureaccess\1.0.1\failureaccess-1.0.1.jar;C:\Users\31651\.m2\repository\com\google\guava\listenablefuture\9999.0-empty-to-avoid-conflict-with-guava\listenablefuture-9999.0-empty-to-avoid-conflict-with-guava.jar;C:\Users\31651\.m2\repository\com\google\code\findbugs\jsr305\3.0.2\jsr305-3.0.2.jar;C:\Users\31651\.m2\repository\org\checkerframework\checker-qual\3.5.0\checker-qual-3.5.0.jar;C:\Users\31651\.m2\repository\com\google\errorprone\error_prone_annotations\2.3.4\error_prone_annotations-2.3.4.jar;C:\Users\31651\.m2\repository\com\google\j2objc\j2objc-annotations\1.3\j2objc-annotations-1.3.jar;C:\Users\31651\.m2\repository\org\apache\james\apache-mime4j\0.6\apache-mime4j-0.6.jar;C:\Users\31651\.m2\repository\org\onehippo\cms7\hippo-cms7-utilities\14.7.3\hippo-cms7-utilities-14.7.3.jar;C:\Users\31651\.m2\repository\org\onehippo\cms7\hst\components\hst-security\14.7.3\hst-security-14.7.3.jar;C:\Users\31651\.m2\repository\org\onehippo\cms7\hst\components\hst-core\14.7.3\hst-core-14.7.3.jar;C:\Users\31651\.m2\repository\commons-pool\commons-pool\1.6\commons-pool-1.6.jar;C:\Users\31651\.m2\repository\commons-jexl\commons-jexl\1.1\commons-jexl-1.1.jar;C:\Users\31651\.m2\repository\net\sf\ehcache\ehcache\2.10.6\ehcache-2.10.6.jar;C:\Users\31651\.m2\repository\net\sf\ehcache\ehcache-web\2.0.4\ehcache-web-2.0.4.jar;C:\Users\31651\.m2\repository\org\onehippo\cms7\hst\components\hst-session-pool\14.7.3\hst-session-pool-14.7.3.jar;C:\Users\31651\.m2\repository\org\onehippo\cms7\hst\components\hst-resourcebundle\14.7.3\hst-resourcebundle-14.7.3.jar;C:\Users\31651\.m2\repository\org\onehippo\cms7\hst\pagemodelapi\hst-pagemodelapi-common\14.7.3\hst-pagemodelapi-common-14.7.3.jar;C:\Users\31651\.m2\repository\org\onehippo\cms7\hst\pagemodelapi\hst-pagemodelapi-v09\14.7.3\hst-pagemodelapi-v09-14.7.3.jar;C:\Users\31651\.m2\repository\io\swagger\swagger-core\1.6.2\swagger-core-1.6.2.jar;C:\Users\31651\.m2\repository\io\swagger\swagger-models\1.6.2\swagger-models-1.6.2.jar;C:\Users\31651\.m2\repository\io\swagger\swagger-annotations\1.6.2\swagger-annotations-1.6.2.jar;C:\Users\31651\.m2\repository\javax\validation\validation-api\1.1.0.Final\validation-api-1.1.0.Final.jar;C:\Users\31651\.m2\repository\io\swagger\swagger-jaxrs\1.6.2\swagger-jaxrs-1.6.2.jar;C:\Users\31651\.m2\repository\org\reflections\reflections\0.9.11\reflections-0.9.11.jar;C:\Users\31651\.m2\repository\org\javassist\javassist\3.21.0-GA\javassist-3.21.0-GA.jar;C:\Users\31651\.m2\repository\javax\ws\rs\javax.ws.rs-api\2.1.1\javax.ws.rs-api-2.1.1.jar;C:\Users\31651\.m2\repository\org\onehippo\cms7\hst\pagemodelapi\hst-pagemodelapi-v10\14.7.3\hst-pagemodelapi-v10-14.7.3.jar;C:\Users\31651\.m2\repository\org\onehippo\cms7\hst\components\hst-jaxrs\14.7.3\hst-jaxrs-14.7.3.jar;C:\Users\31651\.m2\repository\org\apache\cxf\cxf-rt-frontend-jaxrs\3.3.12\cxf-rt-frontend-jaxrs-3.3.12.jar;C:\Users\31651\.m2\repository\org\apache\cxf\cxf-core\3.3.12\cxf-core-3.3.12.jar;C:\Users\31651\.m2\repository\org\glassfish\jaxb\jaxb-runtime\2.3.3\jaxb-runtime-2.3.3.jar;C:\Users\31651\.m2\repository\org\glassfish\jaxb\txw2\2.3.3\txw2-2.3.3.jar;C:\Users\31651\.m2\repository\com\sun\istack\istack-commons-runtime\3.0.11\istack-commons-runtime-3.0.11.jar;C:\Users\31651\.m2\repository\com\sun\activation\jakarta.activation\1.2.2\jakarta.activation-1.2.2.jar;C:\Users\31651\.m2\repository\com\fasterxml\woodstox\woodstox-core\5.0.3\woodstox-core-5.0.3.jar;C:\Users\31651\.m2\repository\org\codehaus\woodstox\stax2-api\3.1.4\stax2-api-3.1.4.jar;C:\Users\31651\.m2\repository\org\apache\ws\xmlschema\xmlschema-core\2.2.5\xmlschema-core-2.2.5.jar;C:\Users\31651\.m2\repository\jakarta\ws\rs\jakarta.ws.rs-api\2.1.5\jakarta.ws.rs-api-2.1.5.jar;C:\Users\31651\.m2\repository\javax\annotation\javax.annotation-api\1.3.2\javax.annotation-api-1.3.2.jar;C:\Users\31651\.m2\repository\org\apache\cxf\cxf-rt-transports-http\3.3.12\cxf-rt-transports-http-3.3.12.jar;C:\Users\31651\.m2\repository\org\apache\cxf\cxf-rt-security\3.3.12\cxf-rt-security-3.3.12.jar;C:\Users\31651\.m2\repository\com\fasterxml\jackson\jaxrs\jackson-jaxrs-json-provider\2.10.5\jackson-jaxrs-json-provider-2.10.5.jar;C:\Users\31651\.m2\repository\com\fasterxml\jackson\module\jackson-module-jaxb-annotations\2.10.5\jackson-module-jaxb-annotations-2.10.5.jar;C:\Users\31651\.m2\repository\jakarta\xml\bind\jakarta.xml.bind-api\2.3.2\jakarta.xml.bind-api-2.3.2.jar;C:\Users\31651\.m2\repository\com\fasterxml\jackson\core\jackson-core\2.10.5\jackson-core-2.10.5.jar;C:\Users\31651\.m2\repository\com\fasterxml\jackson\core\jackson-annotations\2.10.5\jackson-annotations-2.10.5.jar;C:\Users\31651\.m2\repository\com\fasterxml\jackson\jaxrs\jackson-jaxrs-base\2.10.5\jackson-jaxrs-base-2.10.5.jar;C:\Users\31651\.m2\repository\com\fasterxml\jackson\dataformat\jackson-dataformat-yaml\2.10.5\jackson-dataformat-yaml-2.10.5.jar;C:\Users\31651\.m2\repository\org\yaml\snakeyaml\1.26\snakeyaml-1.26.jar;C:\Users\31651\.m2\repository\org\onehippo\cms7\hst\components\hst-restapi\14.7.3\hst-restapi-14.7.3.jar;C:\Users\31651\.m2\repository\org\apache\cxf\cxf-rt-rs-security-cors\3.3.12\cxf-rt-rs-security-cors-3.3.12.jar;C:\Users\31651\.m2\repository\org\aspectj\aspectjweaver\1.8.9\aspectjweaver-1.8.9.jar;C:\Users\31651\.m2\repository\org\springframework\spring-core\5.3.12\spring-core-5.3.12.jar;C:\Users\31651\.m2\repository\org\springframework\spring-beans\5.3.12\spring-beans-5.3.12.jar;C:\Users\31651\.m2\repository\org\springframework\spring-context\5.3.12\spring-context-5.3.12.jar;C:\Users\31651\.m2\repository\org\springframework\spring-expression\5.3.12\spring-expression-5.3.12.jar;C:\Users\31651\.m2\repository\org\springframework\spring-context-support\5.3.12\spring-context-support-5.3.12.jar;C:\Users\31651\.m2\repository\org\springframework\spring-web\5.3.12\spring-web-5.3.12.jar;C:\Users\31651\.m2\repository\org\springframework\spring-webmvc\5.3.12\spring-webmvc-5.3.12.jar;C:\Users\31651\.m2\repository\org\springframework\spring-aop\5.3.12\spring-aop-5.3.12.jar;C:\Users\31651\.m2\repository\org\onehippo\cms7\hst\hst-mock\14.7.3\hst-mock-14.7.3.jar;C:\Users\31651\.m2\repository\org\onehippo\cms7\hippo-essentials-components-hst\14.7.3\hippo-essentials-components-hst-14.7.3.jar;C:\Users\31651\.m2\repository\org\onehippo\cms7\hippo-repository-connector\14.7.3\hippo-repository-connector-14.7.3.jar;C:\Users\31651\.m2\repository\org\apache\jackrabbit\jackrabbit-api\2.21.6-h2\jackrabbit-api-2.21.6-h2.jar;C:\Users\31651\.m2\repository\org\apache\jackrabbit\oak-jackrabbit-api\1.38.0\oak-jackrabbit-api-1.38.0.jar;C:\Users\31651\.m2\repository\org\jetbrains\annotations\18.0.0\annotations-18.0.0.jar;C:\Users\31651\.m2\repository\org\apache\jackrabbit\jackrabbit-jcr-rmi\2.21.6-h2\jackrabbit-jcr-rmi-2.21.6-h2.jar;C:\Users\31651\.m2\repository\org\onehippo\cms7\hippo-repository-utilities\14.7.3\hippo-repository-utilities-14.7.3.jar;C:\Users\31651\.m2\repository\org\apache\jackrabbit\jackrabbit-jcr-commons\2.21.6-h2\jackrabbit-jcr-commons-2.21.6-h2.jar;C:\Users\31651\.m2\repository\org\apache\jackrabbit\jackrabbit-spi-commons\2.21.6-h2\jackrabbit-spi-commons-2.21.6-h2.jar;C:\Users\31651\.m2\repository\org\apache\jackrabbit\jackrabbit-spi\2.21.6-h2\jackrabbit-spi-2.21.6-h2.jar;C:\Users\31651\.m2\repository\org\freemarker\freemarker\2.3.28\freemarker-2.3.28.jar;C:\Users\31651\.m2\repository\org\onehippo\cms7\hippo-plugin-selections-hst-client\14.7.3\hippo-plugin-selections-hst-client-14.7.3.jar;C:\Users\31651\.m2\repository\org\mockito\mockito-core\2.8.47\mockito-core-2.8.47.jar;C:\Users\31651\.m2\repository\net\bytebuddy\byte-buddy\1.6.14\byte-buddy-1.6.14.jar;C:\Users\31651\.m2\repository\net\bytebuddy\byte-buddy-agent\1.6.14\byte-buddy-agent-1.6.14.jar;C:\Users\31651\.m2\repository\org\objenesis\objenesis\2.5\objenesis-2.5.jar;C:\Users\31651\.m2\repository\org\onehippo\cms7\hippo-cms7-commons\14.7.3\hippo-cms7-commons-14.7.3.jar;C:\Users\31651\.m2\repository\org\onehippo\cms7\hippo-services\14.7.3\hippo-services-14.7.3.jar;C:\Users\31651\.m2\repository\org\onehippo\cms7\hippo-cms-testutils\14.7.3\hippo-cms-testutils-14.7.3.jar;C:\Users\31651\.m2\repository\junit\junit\4.13.1\junit-4.13.1.jar;C:\Users\31651\.m2\repository\org\hamcrest\hamcrest-core\1.3\hamcrest-core-1.3.jar;C:\Users\31651\.m2\repository\org\apache\commons\commons-lang3\3.9\commons-lang3-3.9.jar;C:\Users\31651\.m2\repository\org\onehippo\cms7\hippo-repository-api\14.7.3\hippo-repository-api-14.7.3.jar;C:\Users\31651\.m2\repository\org\onehippo\cms7\hippo-repository-builtin\14.7.3\hippo-repository-builtin-14.7.3.jar;C:\Users\31651\.m2\repository\org\onehippo\cms7\hst\hst-api\14.7.3\hst-api-14.7.3.jar;C:\Users\31651\.m2\repository\javax\servlet\javax.servlet-api\3.1.0\javax.servlet-api-3.1.0.jar;C:\Users\31651\.m2\repository\org\apache\geronimo\specs\geronimo-jta_1.1_spec\1.1.1\geronimo-jta_1.1_spec-1.1.1.jar;C:\Users\31651\.m2\repository\javax\jcr\jcr\2.0\jcr-2.0.jar;C:\Users\31651\.m2\repository\javax\mail\mail\1.4.7\mail-1.4.7.jar;C:\Users\31651\.m2\repository\javax\activation\activation\1.1.1\activation-1.1.1.jar;C:\Users\31651\.m2\repository\org\apache\geronimo\specs\geronimo-javamail_1.4_spec\1.7.1\geronimo-javamail_1.4_spec-1.7.1.jar;C:\Users\31651\.m2\repository\org\slf4j\slf4j-api\1.7.30\slf4j-api-1.7.30.jar;C:\Users\31651\.m2\repository\org\apache\logging\log4j\log4j-slf4j-impl\2.17.0\log4j-slf4j-impl-2.17.0.jar;C:\Users\31651\.m2\repository\org\apache\logging\log4j\log4j-api\2.17.0\log4j-api-2.17.0.jar;C:\Users\31651\.m2\repository\org\apache\logging\log4j\log4j-core\2.17.0\log4j-core-2.17.0.jar;C:\Users\31651\.m2\repository\org\slf4j\jcl-over-slf4j\1.7.30\jcl-over-slf4j-1.7.30.jar;C:\Users\31651\.m2\repository\commons-logging\commons-logging\1.2\commons-logging-1.2.jar;C:\Users\31651\.m2\repository\commons-logging\commons-logging-api\1.1\commons-logging-api-1.1.jar;"/>
    <property name="java.vm.vendor" value="Oracle Corporation"/>
    <property name="sun.arch.data.model" value="64"/>
    <property name="user.variant" value=""/>
    <property name="java.vendor.url" value="http://java.oracle.com/"/>
    <property name="user.timezone" value="Europe/Berlin"/>
    <property name="java.vm.specification.version" value="1.8"/>
    <property name="os.name" value="Windows 10"/>
    <property name="user.country" value="US"/>
    <property name="sun.java.launcher" value="SUN_STANDARD"/>
    <property name="sun.boot.library.path" value="C:\Program Files\Java\jdk1.8.0_321\jre\bin"/>
    <property name="sun.java.command" value="C:\Users\31651\AppData\Local\Temp\surefire9107358631123003348\surefirebooter2455999704523693290.jar C:\Users\31651\AppData\Local\Temp\surefire9107358631123003348 2022-04-04T21-01-10_223-jvmRun1 surefire3366634555969471223tmp surefire_02301470347998477931tmp"/>
    <property name="surefire.test.class.path" value="C:\Users\31651\myproject\site\components\target\test-classes;C:\Users\31651\myproject\site\components\target\classes;C:\Users\31651\.m2\repository\javax\servlet\jsp\jsp-api\2.2\jsp-api-2.2.jar;C:\Users\31651\.m2\repository\org\apache\taglibs\taglibs-standard-spec\1.2.5\taglibs-standard-spec-1.2.5.jar;C:\Users\31651\.m2\repository\org\apache\taglibs\taglibs-standard-impl\1.2.5\taglibs-standard-impl-1.2.5.jar;C:\Users\31651\.m2\repository\org\onehippo\cms7\hst\hst-content-beans\14.7.3\hst-content-beans-14.7.3.jar;C:\Users\31651\.m2\repository\org\apache\commons\commons-collections4\4.4\commons-collections4-4.4.jar;C:\Users\31651\.m2\repository\org\apache\commons\commons-proxy\1.0\commons-proxy-1.0.jar;C:\Users\31651\.m2\repository\org\onehippo\cms7\hst\hst-commons\14.7.3\hst-commons-14.7.3.jar;C:\Users\31651\.m2\repository\com\fasterxml\jackson\core\jackson-databind\2.10.5.1\jackson-databind-2.10.5.1.jar;C:\Users\31651\.m2\repository\commons-beanutils\commons-beanutils\1.9.4\commons-beanutils-1.9.4.jar;C:\Users\31651\.m2\repository\commons-collections\commons-collections\3.2.2\commons-collections-3.2.2.jar;C:\Users\31651\.m2\repository\org\onehippo\cms7\hst\hst-client\14.7.3\hst-client-14.7.3.jar;C:\Users\31651\.m2\repository\org\onehippo\cms7\hst\components\hst-rewriter\14.7.3\hst-rewriter-14.7.3.jar;C:\Users\31651\.m2\repository\net\sourceforge\htmlcleaner\htmlcleaner\2.22\htmlcleaner-2.22.jar;C:\Users\31651\.m2\repository\org\jdom\jdom2\2.0.5\jdom2-2.0.5.jar;C:\Users\31651\.m2\repository\commons-io\commons-io\2.8.0\commons-io-2.8.0.jar;C:\Users\31651\.m2\repository\commons-configuration\commons-configuration\1.10\commons-configuration-1.10.jar;C:\Users\31651\.m2\repository\commons-lang\commons-lang\2.6\commons-lang-2.6.jar;C:\Users\31651\.m2\repository\com\google\guava\guava\30.1-jre\guava-30.1-jre.jar;C:\Users\31651\.m2\repository\com\google\guava\failureaccess\1.0.1\failureaccess-1.0.1.jar;C:\Users\31651\.m2\repository\com\google\guava\listenablefuture\9999.0-empty-to-avoid-conflict-with-guava\listenablefuture-9999.0-empty-to-avoid-conflict-with-guava.jar;C:\Users\31651\.m2\repository\com\google\code\findbugs\jsr305\3.0.2\jsr305-3.0.2.jar;C:\Users\31651\.m2\repository\org\checkerframework\checker-qual\3.5.0\checker-qual-3.5.0.jar;C:\Users\31651\.m2\repository\com\google\errorprone\error_prone_annotations\2.3.4\error_prone_annotations-2.3.4.jar;C:\Users\31651\.m2\repository\com\google\j2objc\j2objc-annotations\1.3\j2objc-annotations-1.3.jar;C:\Users\31651\.m2\repository\org\apache\james\apache-mime4j\0.6\apache-mime4j-0.6.jar;C:\Users\31651\.m2\repository\org\onehippo\cms7\hippo-cms7-utilities\14.7.3\hippo-cms7-utilities-14.7.3.jar;C:\Users\31651\.m2\repository\org\onehippo\cms7\hst\components\hst-security\14.7.3\hst-security-14.7.3.jar;C:\Users\31651\.m2\repository\org\onehippo\cms7\hst\components\hst-core\14.7.3\hst-core-14.7.3.jar;C:\Users\31651\.m2\repository\commons-pool\commons-pool\1.6\commons-pool-1.6.jar;C:\Users\31651\.m2\repository\commons-jexl\commons-jexl\1.1\commons-jexl-1.1.jar;C:\Users\31651\.m2\repository\net\sf\ehcache\ehcache\2.10.6\ehcache-2.10.6.jar;C:\Users\31651\.m2\repository\net\sf\ehcache\ehcache-web\2.0.4\ehcache-web-2.0.4.jar;C:\Users\31651\.m2\repository\org\onehippo\cms7\hst\components\hst-session-pool\14.7.3\hst-session-pool-14.7.3.jar;C:\Users\31651\.m2\repository\org\onehippo\cms7\hst\components\hst-resourcebundle\14.7.3\hst-resourcebundle-14.7.3.jar;C:\Users\31651\.m2\repository\org\onehippo\cms7\hst\pagemodelapi\hst-pagemodelapi-common\14.7.3\hst-pagemodelapi-common-14.7.3.jar;C:\Users\31651\.m2\repository\org\onehippo\cms7\hst\pagemodelapi\hst-pagemodelapi-v09\14.7.3\hst-pagemodelapi-v09-14.7.3.jar;C:\Users\31651\.m2\repository\io\swagger\swagger-core\1.6.2\swagger-core-1.6.2.jar;C:\Users\31651\.m2\repository\io\swagger\swagger-models\1.6.2\swagger-models-1.6.2.jar;C:\Users\31651\.m2\repository\io\swagger\swagger-annotations\1.6.2\swagger-annotations-1.6.2.jar;C:\Users\31651\.m2\repository\javax\validation\validation-api\1.1.0.Final\validation-api-1.1.0.Final.jar;C:\Users\31651\.m2\repository\io\swagger\swagger-jaxrs\1.6.2\swagger-jaxrs-1.6.2.jar;C:\Users\31651\.m2\repository\org\reflections\reflections\0.9.11\reflections-0.9.11.jar;C:\Users\31651\.m2\repository\org\javassist\javassist\3.21.0-GA\javassist-3.21.0-GA.jar;C:\Users\31651\.m2\repository\javax\ws\rs\javax.ws.rs-api\2.1.1\javax.ws.rs-api-2.1.1.jar;C:\Users\31651\.m2\repository\org\onehippo\cms7\hst\pagemodelapi\hst-pagemodelapi-v10\14.7.3\hst-pagemodelapi-v10-14.7.3.jar;C:\Users\31651\.m2\repository\org\onehippo\cms7\hst\components\hst-jaxrs\14.7.3\hst-jaxrs-14.7.3.jar;C:\Users\31651\.m2\repository\org\apache\cxf\cxf-rt-frontend-jaxrs\3.3.12\cxf-rt-frontend-jaxrs-3.3.12.jar;C:\Users\31651\.m2\repository\org\apache\cxf\cxf-core\3.3.12\cxf-core-3.3.12.jar;C:\Users\31651\.m2\repository\org\glassfish\jaxb\jaxb-runtime\2.3.3\jaxb-runtime-2.3.3.jar;C:\Users\31651\.m2\repository\org\glassfish\jaxb\txw2\2.3.3\txw2-2.3.3.jar;C:\Users\31651\.m2\repository\com\sun\istack\istack-commons-runtime\3.0.11\istack-commons-runtime-3.0.11.jar;C:\Users\31651\.m2\repository\com\sun\activation\jakarta.activation\1.2.2\jakarta.activation-1.2.2.jar;C:\Users\31651\.m2\repository\com\fasterxml\woodstox\woodstox-core\5.0.3\woodstox-core-5.0.3.jar;C:\Users\31651\.m2\repository\org\codehaus\woodstox\stax2-api\3.1.4\stax2-api-3.1.4.jar;C:\Users\31651\.m2\repository\org\apache\ws\xmlschema\xmlschema-core\2.2.5\xmlschema-core-2.2.5.jar;C:\Users\31651\.m2\repository\jakarta\ws\rs\jakarta.ws.rs-api\2.1.5\jakarta.ws.rs-api-2.1.5.jar;C:\Users\31651\.m2\repository\javax\annotation\javax.annotation-api\1.3.2\javax.annotation-api-1.3.2.jar;C:\Users\31651\.m2\repository\org\apache\cxf\cxf-rt-transports-http\3.3.12\cxf-rt-transports-http-3.3.12.jar;C:\Users\31651\.m2\repository\org\apache\cxf\cxf-rt-security\3.3.12\cxf-rt-security-3.3.12.jar;C:\Users\31651\.m2\repository\com\fasterxml\jackson\jaxrs\jackson-jaxrs-json-provider\2.10.5\jackson-jaxrs-json-provider-2.10.5.jar;C:\Users\31651\.m2\repository\com\fasterxml\jackson\module\jackson-module-jaxb-annotations\2.10.5\jackson-module-jaxb-annotations-2.10.5.jar;C:\Users\31651\.m2\repository\jakarta\xml\bind\jakarta.xml.bind-api\2.3.2\jakarta.xml.bind-api-2.3.2.jar;C:\Users\31651\.m2\repository\com\fasterxml\jackson\core\jackson-core\2.10.5\jackson-core-2.10.5.jar;C:\Users\31651\.m2\repository\com\fasterxml\jackson\core\jackson-annotations\2.10.5\jackson-annotations-2.10.5.jar;C:\Users\31651\.m2\repository\com\fasterxml\jackson\jaxrs\jackson-jaxrs-base\2.10.5\jackson-jaxrs-base-2.10.5.jar;C:\Users\31651\.m2\repository\com\fasterxml\jackson\dataformat\jackson-dataformat-yaml\2.10.5\jackson-dataformat-yaml-2.10.5.jar;C:\Users\31651\.m2\repository\org\yaml\snakeyaml\1.26\snakeyaml-1.26.jar;C:\Users\31651\.m2\repository\org\onehippo\cms7\hst\components\hst-restapi\14.7.3\hst-restapi-14.7.3.jar;C:\Users\31651\.m2\repository\org\apache\cxf\cxf-rt-rs-security-cors\3.3.12\cxf-rt-rs-security-cors-3.3.12.jar;C:\Users\31651\.m2\repository\org\aspectj\aspectjweaver\1.8.9\aspectjweaver-1.8.9.jar;C:\Users\31651\.m2\repository\org\springframework\spring-core\5.3.12\spring-core-5.3.12.jar;C:\Users\31651\.m2\repository\org\springframework\spring-beans\5.3.12\spring-beans-5.3.12.jar;C:\Users\31651\.m2\repository\org\springframework\spring-context\5.3.12\spring-context-5.3.12.jar;C:\Users\31651\.m2\repository\org\springframework\spring-expression\5.3.12\spring-expression-5.3.12.jar;C:\Users\31651\.m2\repository\org\springframework\spring-context-support\5.3.12\spring-context-support-5.3.12.jar;C:\Users\31651\.m2\repository\org\springframework\spring-web\5.3.12\spring-web-5.3.12.jar;C:\Users\31651\.m2\repository\org\springframework\spring-webmvc\5.3.12\spring-webmvc-5.3.12.jar;C:\Users\31651\.m2\repository\org\springframework\spring-aop\5.3.12\spring-aop-5.3.12.jar;C:\Users\31651\.m2\repository\org\onehippo\cms7\hst\hst-mock\14.7.3\hst-mock-14.7.3.jar;C:\Users\31651\.m2\repository\org\onehippo\cms7\hippo-essentials-components-hst\14.7.3\hippo-essentials-components-hst-14.7.3.jar;C:\Users\31651\.m2\repository\org\onehippo\cms7\hippo-repository-connector\14.7.3\hippo-repository-connector-14.7.3.jar;C:\Users\31651\.m2\repository\org\apache\jackrabbit\jackrabbit-api\2.21.6-h2\jackrabbit-api-2.21.6-h2.jar;C:\Users\31651\.m2\repository\org\apache\jackrabbit\oak-jackrabbit-api\1.38.0\oak-jackrabbit-api-1.38.0.jar;C:\Users\31651\.m2\repository\org\jetbrains\annotations\18.0.0\annotations-18.0.0.jar;C:\Users\31651\.m2\repository\org\apache\jackrabbit\jackrabbit-jcr-rmi\2.21.6-h2\jackrabbit-jcr-rmi-2.21.6-h2.jar;C:\Users\31651\.m2\repository\org\onehippo\cms7\hippo-repository-utilities\14.7.3\hippo-repository-utilities-14.7.3.jar;C:\Users\31651\.m2\repository\org\apache\jackrabbit\jackrabbit-jcr-commons\2.21.6-h2\jackrabbit-jcr-commons-2.21.6-h2.jar;C:\Users\31651\.m2\repository\org\apache\jackrabbit\jackrabbit-spi-commons\2.21.6-h2\jackrabbit-spi-commons-2.21.6-h2.jar;C:\Users\31651\.m2\repository\org\apache\jackrabbit\jackrabbit-spi\2.21.6-h2\jackrabbit-spi-2.21.6-h2.jar;C:\Users\31651\.m2\repository\org\freemarker\freemarker\2.3.28\freemarker-2.3.28.jar;C:\Users\31651\.m2\repository\org\onehippo\cms7\hippo-plugin-selections-hst-client\14.7.3\hippo-plugin-selections-hst-client-14.7.3.jar;C:\Users\31651\.m2\repository\org\mockito\mockito-core\2.8.47\mockito-core-2.8.47.jar;C:\Users\31651\.m2\repository\net\bytebuddy\byte-buddy\1.6.14\byte-buddy-1.6.14.jar;C:\Users\31651\.m2\repository\net\bytebuddy\byte-buddy-agent\1.6.14\byte-buddy-agent-1.6.14.jar;C:\Users\31651\.m2\repository\org\objenesis\objenesis\2.5\objenesis-2.5.jar;C:\Users\31651\.m2\repository\org\onehippo\cms7\hippo-cms7-commons\14.7.3\hippo-cms7-commons-14.7.3.jar;C:\Users\31651\.m2\repository\org\onehippo\cms7\hippo-services\14.7.3\hippo-services-14.7.3.jar;C:\Users\31651\.m2\repository\org\onehippo\cms7\hippo-cms-testutils\14.7.3\hippo-cms-testutils-14.7.3.jar;C:\Users\31651\.m2\repository\junit\junit\4.13.1\junit-4.13.1.jar;C:\Users\31651\.m2\repository\org\hamcrest\hamcrest-core\1.3\hamcrest-core-1.3.jar;C:\Users\31651\.m2\repository\org\apache\commons\commons-lang3\3.9\commons-lang3-3.9.jar;C:\Users\31651\.m2\repository\org\onehippo\cms7\hippo-repository-api\14.7.3\hippo-repository-api-14.7.3.jar;C:\Users\31651\.m2\repository\org\onehippo\cms7\hippo-repository-builtin\14.7.3\hippo-repository-builtin-14.7.3.jar;C:\Users\31651\.m2\repository\org\onehippo\cms7\hst\hst-api\14.7.3\hst-api-14.7.3.jar;C:\Users\31651\.m2\repository\javax\servlet\javax.servlet-api\3.1.0\javax.servlet-api-3.1.0.jar;C:\Users\31651\.m2\repository\org\apache\geronimo\specs\geronimo-jta_1.1_spec\1.1.1\geronimo-jta_1.1_spec-1.1.1.jar;C:\Users\31651\.m2\repository\javax\jcr\jcr\2.0\jcr-2.0.jar;C:\Users\31651\.m2\repository\javax\mail\mail\1.4.7\mail-1.4.7.jar;C:\Users\31651\.m2\repository\javax\activation\activation\1.1.1\activation-1.1.1.jar;C:\Users\31651\.m2\repository\org\apache\geronimo\specs\geronimo-javamail_1.4_spec\1.7.1\geronimo-javamail_1.4_spec-1.7.1.jar;C:\Users\31651\.m2\repository\org\slf4j\slf4j-api\1.7.30\slf4j-api-1.7.30.jar;C:\Users\31651\.m2\repository\org\apache\logging\log4j\log4j-slf4j-impl\2.17.0\log4j-slf4j-impl-2.17.0.jar;C:\Users\31651\.m2\repository\org\apache\logging\log4j\log4j-api\2.17.0\log4j-api-2.17.0.jar;C:\Users\31651\.m2\repository\org\apache\logging\log4j\log4j-core\2.17.0\log4j-core-2.17.0.jar;C:\Users\31651\.m2\repository\org\slf4j\jcl-over-slf4j\1.7.30\jcl-over-slf4j-1.7.30.jar;C:\Users\31651\.m2\repository\commons-logging\commons-logging\1.2\commons-logging-1.2.jar;C:\Users\31651\.m2\repository\commons-logging\commons-logging-api\1.1\commons-logging-api-1.1.jar;"/>
    <property name="sun.cpu.endian" value="little"/>
    <property name="user.home" value="C:\Users\31651"/>
    <property name="user.language" value="en"/>
    <property name="java.specification.vendor" value="Oracle Corporation"/>
    <property name="java.home" value="C:\Program Files\Java\jdk1.8.0_321\jre"/>
    <property name="basedir" value="C:\Users\31651\myproject\site\components"/>
    <property name="file.separator" value="\"/>
    <property name="line.separator" value="&#10;"/>
    <property name="java.vm.specification.vendor" value="Oracle Corporation"/>
    <property name="java.specification.name" value="Java Platform API Specification"/>
    <property name="java.awt.graphicsenv" value="sun.awt.Win32GraphicsEnvironment"/>
    <property name="surefire.real.class.path" value="C:\Users\31651\AppData\Local\Temp\surefire9107358631123003348\surefirebooter2455999704523693290.jar"/>
    <property name="sun.boot.class.path" value="C:\Program Files\Java\jdk1.8.0_321\jre\lib\resources.jar;C:\Program Files\Java\jdk1.8.0_321\jre\lib\rt.jar;C:\Program Files\Java\jdk1.8.0_321\jre\lib\sunrsasign.jar;C:\Program Files\Java\jdk1.8.0_321\jre\lib\jsse.jar;C:\Program Files\Java\jdk1.8.0_321\jre\lib\jce.jar;C:\Program Files\Java\jdk1.8.0_321\jre\lib\charsets.jar;C:\Program Files\Java\jdk1.8.0_321\jre\lib\jfr.jar;C:\Program Files\Java\jdk1.8.0_321\jre\classes"/>
    <property name="user.script" value=""/>
    <property name="sun.management.compiler" value="HotSpot 64-Bit Tiered Compilers"/>
    <property name="java.runtime.version" value="1.8.0_321-b07"/>
    <property name="user.name" value="31651"/>
    <property name="path.separator" value=";"/>
    <property name="os.version" value="10.0"/>
    <property name="java.endorsed.dirs" value="C:\Program Files\Java\jdk1.8.0_321\jre\lib\endorsed"/>
    <property name="java.runtime.name" value="Java(TM) SE Runtime Environment"/>
    <property name="file.encoding" value="Cp1252"/>
    <property name="java.vm.name" value="Java HotSpot(TM) 64-Bit Server VM"/>
    <property name="localRepository" value="C:\Users\31651\.m2\repository"/>
    <property name="java.vendor.url.bug" value="http://bugreport.sun.com/bugreport/"/>
    <property name="java.io.tmpdir" value="C:\Users\31651\AppData\Local\Temp\"/>
    <property name="java.version" value="1.8.0_321"/>
    <property name="user.dir" value="C:\Users\31651\myproject\site\components"/>
    <property name="os.arch" value="amd64"/>
    <property name="java.vm.specification.name" value="Java Virtual Machine Specification"/>
    <property name="java.awt.printerjob" value="sun.awt.windows.WPrinterJob"/>
    <property name="sun.os.patch.level" value=""/>
    <property name="java.library.path" value="C:\Program Files\Java\jdk1.8.0_321\jre\bin;C:\Windows\Sun\Java\bin;C:\Windows\system32;C:\Windows;C:\Program Files (x86)\Common Files\Oracle\Java\javapath;C:\Windows\system32;C:\Windows;C:\Windows\System32\Wbem;C:\Windows\System32\WindowsPowerShell\v1.0\;C:\Windows\System32\OpenSSH\;C:\Program Files\TortoiseGit\bin;C:\Program Files\Git\cmd;C:\Program Files\Java\jdk1.8.0_321\bin;C:\Users\31651\Downloads\apache-maven-3.8.5-bin\apache-maven-3.8.5\bin;C:\Users\31651\Downloads\apache-maven-3.8.5-bin;;."/>
    <property name="java.vm.info" value="mixed mode"/>
    <property name="java.vendor" value="Oracle Corporation"/>
    <property name="java.vm.version" value="25.321-b07"/>
    <property name="java.ext.dirs" value="C:\Program Files\Java\jdk1.8.0_321\jre\lib\ext;C:\Windows\Sun\Java\lib\ext"/>
    <property name="sun.io.unicode.encoding" value="UnicodeLittle"/>
    <property name="java.class.version" value="52.0"/>
  </properties>
  <testcase name="testAssesmentServlet" classname="org.example.servlet.AssessmentServletTest" time="1.133">
    <error type="java.lang.NullPointerException"><![CDATA[java.lang.NullPointerException
	at org.example.servlet.AssessmentServletTest.testAssesmentServlet(AssessmentServletTest.java:36)
]]></error>
  </testcase>
</testsuite>